<?xml version="1.0" encoding="UTF-8"?>
<!-- Generated by org.testng.reporters.JUnitReportReporter -->
<testsuite skipped="0" hostname="ATETERKA01" name="CartTest.CartRedir" tests="1" failures="0" timestamp="25 Jan 2019 16:55:18 GMT" time="3.290" errors="0">
  <testcase name="cartLink" time="3.290" classname="CartTest.CartRedir"/>
</testsuite> <!-- CartTest.CartRedir -->
