<?xml version="1.0" encoding="UTF-8"?>
<!-- Generated by org.testng.reporters.JUnitReportReporter -->
<testsuite skipped="0" hostname="ATETERKA01" name="CartTest.FirstTest" tests="1" failures="0" timestamp="22 Jan 2019 07:06:22 GMT" time="8.837" errors="0">
  <testcase name="CheckCart" time="8.837" classname="CartTest.FirstTest"/>
</testsuite> <!-- CartTest.FirstTest -->
