<?xml version="1.0" encoding="UTF-8"?>
<!-- Generated by org.testng.reporters.JUnitReportReporter -->
<testsuite skipped="0" hostname="ATETERKA01" name="CartTest.BoundaryTest" tests="3" failures="0" timestamp="25 Jan 2019 15:47:39 GMT" time="169.753" errors="0">
  <testcase name="positiveTest" time="28.400" classname="CartTest.BoundaryTest"/>
  <testcase name="negativeTestMax" time="91.112" classname="CartTest.BoundaryTest"/>
  <testcase name="negativeTestZero" time="50.241" classname="CartTest.BoundaryTest"/>
</testsuite> <!-- CartTest.BoundaryTest -->
