<?xml version="1.0" encoding="UTF-8"?>
<!-- Generated by org.testng.reporters.JUnitReportReporter -->
<testsuite skipped="0" hostname="ATETERKA01" name="CartTest.SmokeTest" tests="1" failures="0" timestamp="23 Jan 2019 15:27:16 GMT" time="21.597" errors="0">
  <testcase name="CartFunc" time="21.597" classname="CartTest.SmokeTest"/>
</testsuite> <!-- CartTest.SmokeTest -->
