<?xml version="1.0" encoding="UTF-8"?>
<!-- Generated by org.testng.reporters.JUnitReportReporter -->
<testsuite skipped="0" hostname="ATETERKA01" name="CartTest.CartRedir" tests="3" failures="0" timestamp="28 Jan 2019 12:00:24 GMT" time="18.379" errors="0">
  <testcase name="cartLink" time="3.754" classname="CartTest.CartRedir"/>
  <testcase name="alertCartLink" time="5.327" classname="CartTest.CartRedir"/>
  <testcase name="cartLiііnk" time="9.298" classname="CartTest.CartRedir"/>
</testsuite> <!-- CartTest.CartRedir -->
